<?xml version="1.0" encoding="UTF-8"?>
<!-- Generated by org.testng.reporters.JUnitReportReporter -->
<testsuite hostname="SILICUS524" failures="0" tests="11" name="demoMavenProject5.Searchfunctionality" time="94.348" errors="0" timestamp="2020-05-25T20:14:18 IST" skipped="10">
  <testcase classname="demoMavenProject5.Searchfunctionality" name="Test12_testORDER_HISTORY_Page" time="94.348"/>
  <system-out/>
  <testcase classname="demoMavenProject5.Searchfunctionality" name="Test6_UserAuthtification">
    <skipped/>
  </testcase> <!-- Test6_UserAuthtification -->
  <system-out/>
  <testcase classname="demoMavenProject5.Searchfunctionality" name="Test5_ShppingCartSummary_">
    <skipped/>
  </testcase> <!-- Test5_ShppingCartSummary_ -->
  <system-out/>
  <testcase classname="demoMavenProject5.Searchfunctionality" name="Test2_testSearchfunction">
    <skipped/>
  </testcase> <!-- Test2_testSearchfunction -->
  <system-out/>
  <testcase classname="demoMavenProject5.Searchfunctionality" name="Test3_OpenSearchedProductsInNewTab">
    <skipped/>
  </testcase> <!-- Test3_OpenSearchedProductsInNewTab -->
  <system-out/>
  <testcase classname="demoMavenProject5.Searchfunctionality" name="Test11_Order_Summury_Page">
    <skipped/>
  </testcase> <!-- Test11_Order_Summury_Page -->
  <system-out/>
  <testcase classname="demoMavenProject5.Searchfunctionality" name="Test10_Order_Summury_Page">
    <skipped/>
  </testcase> <!-- Test10_Order_Summury_Page -->
  <system-out/>
  <testcase classname="demoMavenProject5.Searchfunctionality" name="Test8_ShippingPage">
    <skipped/>
  </testcase> <!-- Test8_ShippingPage -->
  <system-out/>
  <testcase classname="demoMavenProject5.Searchfunctionality" name="Test7_ADDRESSES_verification">
    <skipped/>
  </testcase> <!-- Test7_ADDRESSES_verification -->
  <system-out/>
  <testcase classname="demoMavenProject5.Searchfunctionality" name="Test4_AddtoCartSearchedProductsFromNewTab">
    <skipped/>
  </testcase> <!-- Test4_AddtoCartSearchedProductsFromNewTab -->
  <system-out/>
  <testcase classname="demoMavenProject5.Searchfunctionality" name="Test9_SelectPaymentMethod">
    <skipped/>
  </testcase> <!-- Test9_SelectPaymentMethod -->
  <system-out/>
</testsuite> <!-- demoMavenProject5.Searchfunctionality -->
