<?xml version="1.0" encoding="UTF-8"?>
<!-- Generated by org.testng.reporters.JUnitReportReporter -->
<testsuite hostname="SILICUS524" failures="0" tests="1" name="demoMavenProject5.NavigationBar" time="29.166" errors="0" timestamp="2020-05-25T21:37:53 IST" skipped="0">
  <testcase classname="demoMavenProject5.NavigationBar" name="Test3_OpenSearchedProductsInNewTabnav" time="29.166"/>
  <system-out/>
</testsuite> <!-- demoMavenProject5.NavigationBar -->
